1733408402: mosquitto version 2.0.20 starting
1733408402: Config loaded from /mosquitto/config/mosquitto.conf.
1733408402: Opening ipv4 listen socket on port 1883.
1733408402: Opening ipv6 listen socket on port 1883.
1733408402: Opening ipv4 listen socket on port 1883.
1733408402: Error: Address in use
1733408402: mosquitto version 2.0.20 starting
1733408402: Config loaded from /mosquitto/config/mosquitto.conf.
1733408402: Opening ipv4 listen socket on port 1883.
1733408402: Opening ipv6 listen socket on port 1883.
1733408402: Opening ipv4 listen socket on port 1883.
1733408402: Error: Address in use
1733408402: mosquitto version 2.0.20 starting
1733408402: Config loaded from /mosquitto/config/mosquitto.conf.
1733408402: Opening ipv4 listen socket on port 1883.
1733408402: Opening ipv6 listen socket on port 1883.
1733408402: Opening ipv4 listen socket on port 1883.
1733408402: Error: Address in use
1733408403: mosquitto version 2.0.20 starting
1733408403: Config loaded from /mosquitto/config/mosquitto.conf.
1733408403: Opening ipv4 listen socket on port 1883.
1733408403: Opening ipv6 listen socket on port 1883.
1733408403: Opening ipv4 listen socket on port 1883.
1733408403: Error: Address in use
1733408404: mosquitto version 2.0.20 starting
1733408404: Config loaded from /mosquitto/config/mosquitto.conf.
1733408404: Opening ipv4 listen socket on port 1883.
1733408404: Opening ipv6 listen socket on port 1883.
1733408404: Opening ipv4 listen socket on port 1883.
1733408404: Error: Address in use
1733408406: mosquitto version 2.0.20 starting
1733408406: Config loaded from /mosquitto/config/mosquitto.conf.
1733408406: Opening ipv4 listen socket on port 1883.
1733408406: Opening ipv6 listen socket on port 1883.
1733408406: Opening ipv4 listen socket on port 1883.
1733408406: Error: Address in use
1733408409: mosquitto version 2.0.20 starting
1733408409: Config loaded from /mosquitto/config/mosquitto.conf.
1733408409: Opening ipv4 listen socket on port 1883.
1733408409: Opening ipv6 listen socket on port 1883.
1733408409: Opening ipv4 listen socket on port 1883.
1733408409: Error: Address in use
1733408415: mosquitto version 2.0.20 starting
1733408415: Config loaded from /mosquitto/config/mosquitto.conf.
1733408415: Opening ipv4 listen socket on port 1883.
1733408415: Opening ipv6 listen socket on port 1883.
1733408415: Opening ipv4 listen socket on port 1883.
1733408415: Error: Address in use
1733408428: mosquitto version 2.0.20 starting
1733408428: Config loaded from /mosquitto/config/mosquitto.conf.
1733408428: Opening ipv4 listen socket on port 1883.
1733408428: Opening ipv6 listen socket on port 1883.
1733408428: Opening ipv4 listen socket on port 1883.
1733408428: Error: Address in use
1733408455: mosquitto version 2.0.20 starting
1733408455: Config loaded from /mosquitto/config/mosquitto.conf.
1733408455: Opening ipv4 listen socket on port 1883.
1733408455: Opening ipv6 listen socket on port 1883.
1733408455: mosquitto version 2.0.20 running
1733408466: New connection from 172.19.0.3:37932 on port 1883.
1733408466: New client connected from 172.19.0.3:37932 as auto-42468F47-C6B4-73C8-955B-34DD63784D9C (p2, c1, k60).
1733408466: No will message specified.
1733408466: Sending CONNACK to auto-42468F47-C6B4-73C8-955B-34DD63784D9C (0, 0)
1733408466: Received PUBLISH from auto-42468F47-C6B4-73C8-955B-34DD63784D9C (d0, q0, r0, m0, 'home/motorhat/control', ... (9 bytes))
1733408466: Received DISCONNECT from auto-42468F47-C6B4-73C8-955B-34DD63784D9C
1733408466: Client auto-42468F47-C6B4-73C8-955B-34DD63784D9C disconnected.
1733408542: New connection from 172.19.0.4:39616 on port 1883.
1733408542: New client connected from 172.19.0.4:39616 as Telegraf-Consumer-SK9T6 (p2, c1, k60).
1733408542: No will message specified.
1733408542: Sending CONNACK to Telegraf-Consumer-SK9T6 (0, 0)
1733408542: Received SUBSCRIBE from Telegraf-Consumer-SK9T6
1733408542: 	plantfarming123 (QoS 0)
1733408542: Telegraf-Consumer-SK9T6 0 plantfarming123
1733408542: Sending SUBACK to Telegraf-Consumer-SK9T6
1733408602: Received PINGREQ from Telegraf-Consumer-SK9T6
1733408602: Sending PINGRESP to Telegraf-Consumer-SK9T6
1733408633: New connection from 172.19.0.4:59464 on port 1883.
1733408633: New client connected from 172.19.0.4:59464 as auto-FFB0B9D9-1A31-DBB9-08F6-70C984392BFE (p2, c1, k60).
1733408633: No will message specified.
1733408633: Sending CONNACK to auto-FFB0B9D9-1A31-DBB9-08F6-70C984392BFE (0, 0)
1733408633: Received PUBLISH from auto-FFB0B9D9-1A31-DBB9-08F6-70C984392BFE (d0, q0, r0, m0, 'plantfarming123', ... (9 bytes))
1733408633: Sending PUBLISH to Telegraf-Consumer-SK9T6 (d0, q0, r0, m0, 'plantfarming123', ... (9 bytes))
1733408633: Received DISCONNECT from auto-FFB0B9D9-1A31-DBB9-08F6-70C984392BFE
1733408633: Client auto-FFB0B9D9-1A31-DBB9-08F6-70C984392BFE disconnected.
1733408634: New connection from 172.19.0.4:59478 on port 1883.
1733408634: New client connected from 172.19.0.4:59478 as auto-2883D74D-77C8-488B-5001-8CA6AC4D10B3 (p2, c1, k60).
1733408634: No will message specified.
1733408634: Sending CONNACK to auto-2883D74D-77C8-488B-5001-8CA6AC4D10B3 (0, 0)
1733408634: Received PUBLISH from auto-2883D74D-77C8-488B-5001-8CA6AC4D10B3 (d0, q0, r0, m0, 'plantfarming123', ... (9 bytes))
1733408634: Sending PUBLISH to Telegraf-Consumer-SK9T6 (d0, q0, r0, m0, 'plantfarming123', ... (9 bytes))
1733408634: Received DISCONNECT from auto-2883D74D-77C8-488B-5001-8CA6AC4D10B3
1733408634: Client auto-2883D74D-77C8-488B-5001-8CA6AC4D10B3 disconnected.
1733408635: New connection from 172.19.0.4:59484 on port 1883.
1733408635: New client connected from 172.19.0.4:59484 as auto-9063D088-7E52-F4D5-6649-C426CC462E76 (p2, c1, k60).
1733408635: No will message specified.
1733408635: Sending CONNACK to auto-9063D088-7E52-F4D5-6649-C426CC462E76 (0, 0)
1733408635: Received PUBLISH from auto-9063D088-7E52-F4D5-6649-C426CC462E76 (d0, q0, r0, m0, 'plantfarming123', ... (9 bytes))
1733408635: Sending PUBLISH to Telegraf-Consumer-SK9T6 (d0, q0, r0, m0, 'plantfarming123', ... (9 bytes))
1733408635: Received DISCONNECT from auto-9063D088-7E52-F4D5-6649-C426CC462E76
1733408635: Client auto-9063D088-7E52-F4D5-6649-C426CC462E76 disconnected.
1733408635: New connection from 172.19.0.4:59498 on port 1883.
1733408635: New client connected from 172.19.0.4:59498 as auto-F0881D85-7E5C-5DFF-7E5E-296C290C2449 (p2, c1, k60).
1733408635: No will message specified.
1733408635: Sending CONNACK to auto-F0881D85-7E5C-5DFF-7E5E-296C290C2449 (0, 0)
1733408635: Received PUBLISH from auto-F0881D85-7E5C-5DFF-7E5E-296C290C2449 (d0, q0, r0, m0, 'plantfarming123', ... (9 bytes))
1733408635: Sending PUBLISH to Telegraf-Consumer-SK9T6 (d0, q0, r0, m0, 'plantfarming123', ... (9 bytes))
1733408635: Received DISCONNECT from auto-F0881D85-7E5C-5DFF-7E5E-296C290C2449
1733408635: Client auto-F0881D85-7E5C-5DFF-7E5E-296C290C2449 disconnected.
1733408635: New connection from 172.19.0.4:59508 on port 1883.
1733408635: New client connected from 172.19.0.4:59508 as auto-42AF9BAF-644D-8182-E141-E57D22D4C53A (p2, c1, k60).
1733408635: No will message specified.
1733408635: Sending CONNACK to auto-42AF9BAF-644D-8182-E141-E57D22D4C53A (0, 0)
1733408635: Received PUBLISH from auto-42AF9BAF-644D-8182-E141-E57D22D4C53A (d0, q0, r0, m0, 'plantfarming123', ... (9 bytes))
1733408635: Sending PUBLISH to Telegraf-Consumer-SK9T6 (d0, q0, r0, m0, 'plantfarming123', ... (9 bytes))
1733408635: Received DISCONNECT from auto-42AF9BAF-644D-8182-E141-E57D22D4C53A
1733408635: Client auto-42AF9BAF-644D-8182-E141-E57D22D4C53A disconnected.
1733408636: New connection from 172.19.0.4:59522 on port 1883.
1733408636: New client connected from 172.19.0.4:59522 as auto-42CCD18E-415C-528E-690E-976D65E6A040 (p2, c1, k60).
1733408636: No will message specified.
1733408636: Sending CONNACK to auto-42CCD18E-415C-528E-690E-976D65E6A040 (0, 0)
1733408636: Received PUBLISH from auto-42CCD18E-415C-528E-690E-976D65E6A040 (d0, q0, r0, m0, 'plantfarming123', ... (9 bytes))
1733408636: Sending PUBLISH to Telegraf-Consumer-SK9T6 (d0, q0, r0, m0, 'plantfarming123', ... (9 bytes))
1733408636: Received DISCONNECT from auto-42CCD18E-415C-528E-690E-976D65E6A040
1733408636: Client auto-42CCD18E-415C-528E-690E-976D65E6A040 disconnected.
1733408636: New connection from 172.19.0.4:59530 on port 1883.
1733408636: New client connected from 172.19.0.4:59530 as auto-B5B8C0B1-EE76-9785-D46D-D4CD99C7D6DF (p2, c1, k60).
1733408636: No will message specified.
1733408636: Sending CONNACK to auto-B5B8C0B1-EE76-9785-D46D-D4CD99C7D6DF (0, 0)
1733408636: Received PUBLISH from auto-B5B8C0B1-EE76-9785-D46D-D4CD99C7D6DF (d0, q0, r0, m0, 'plantfarming123', ... (9 bytes))
1733408636: Sending PUBLISH to Telegraf-Consumer-SK9T6 (d0, q0, r0, m0, 'plantfarming123', ... (9 bytes))
1733408636: Received DISCONNECT from auto-B5B8C0B1-EE76-9785-D46D-D4CD99C7D6DF
1733408636: Client auto-B5B8C0B1-EE76-9785-D46D-D4CD99C7D6DF disconnected.
1733408667: Received PINGREQ from Telegraf-Consumer-SK9T6
1733408667: Sending PINGRESP to Telegraf-Consumer-SK9T6
1733408674: New connection from 172.19.0.4:60204 on port 1883.
1733408674: New client connected from 172.19.0.4:60204 as auto-62C420BB-377C-C56D-B1A5-4AB40D17D8B0 (p2, c1, k60).
1733408674: No will message specified.
1733408674: Sending CONNACK to auto-62C420BB-377C-C56D-B1A5-4AB40D17D8B0 (0, 0)
1733408674: Received PUBLISH from auto-62C420BB-377C-C56D-B1A5-4AB40D17D8B0 (d0, q0, r0, m0, 'plantfarming123', ... (9 bytes))
1733408674: Sending PUBLISH to Telegraf-Consumer-SK9T6 (d0, q0, r0, m0, 'plantfarming123', ... (9 bytes))
1733408674: Received DISCONNECT from auto-62C420BB-377C-C56D-B1A5-4AB40D17D8B0
1733408674: Client auto-62C420BB-377C-C56D-B1A5-4AB40D17D8B0 disconnected.
1733408702: New connection from 172.19.0.4:57522 on port 1883.
1733408702: New client connected from 172.19.0.4:57522 as auto-6AD015D7-2FEC-5BF5-1A54-0BF26AF4DAA5 (p2, c1, k60).
1733408702: No will message specified.
1733408702: Sending CONNACK to auto-6AD015D7-2FEC-5BF5-1A54-0BF26AF4DAA5 (0, 0)
1733408702: Received PUBLISH from auto-6AD015D7-2FEC-5BF5-1A54-0BF26AF4DAA5 (d0, q0, r0, m0, 'plantfarming123', ... (9 bytes))
1733408702: Sending PUBLISH to Telegraf-Consumer-SK9T6 (d0, q0, r0, m0, 'plantfarming123', ... (9 bytes))
1733408702: Received DISCONNECT from auto-6AD015D7-2FEC-5BF5-1A54-0BF26AF4DAA5
1733408702: Client auto-6AD015D7-2FEC-5BF5-1A54-0BF26AF4DAA5 disconnected.
1733408703: New connection from 172.19.0.4:57526 on port 1883.
1733408703: New client connected from 172.19.0.4:57526 as auto-CB9BC9D0-9634-F80E-8B39-D4BED2D83EA8 (p2, c1, k60).
1733408703: No will message specified.
1733408703: Sending CONNACK to auto-CB9BC9D0-9634-F80E-8B39-D4BED2D83EA8 (0, 0)
1733408703: Received PUBLISH from auto-CB9BC9D0-9634-F80E-8B39-D4BED2D83EA8 (d0, q0, r0, m0, 'plantfarming123', ... (9 bytes))
1733408703: Sending PUBLISH to Telegraf-Consumer-SK9T6 (d0, q0, r0, m0, 'plantfarming123', ... (9 bytes))
1733408703: Received DISCONNECT from auto-CB9BC9D0-9634-F80E-8B39-D4BED2D83EA8
1733408703: Client auto-CB9BC9D0-9634-F80E-8B39-D4BED2D83EA8 disconnected.
1733408703: New connection from 172.19.0.4:57532 on port 1883.
1733408703: New client connected from 172.19.0.4:57532 as auto-8E1EE2D7-BCD4-5E7B-3CD7-EB1A0DFBA32C (p2, c1, k60).
1733408703: No will message specified.
1733408703: Sending CONNACK to auto-8E1EE2D7-BCD4-5E7B-3CD7-EB1A0DFBA32C (0, 0)
1733408703: Received PUBLISH from auto-8E1EE2D7-BCD4-5E7B-3CD7-EB1A0DFBA32C (d0, q0, r0, m0, 'plantfarming123', ... (9 bytes))
1733408703: Sending PUBLISH to Telegraf-Consumer-SK9T6 (d0, q0, r0, m0, 'plantfarming123', ... (9 bytes))
1733408703: Received DISCONNECT from auto-8E1EE2D7-BCD4-5E7B-3CD7-EB1A0DFBA32C
1733408703: Client auto-8E1EE2D7-BCD4-5E7B-3CD7-EB1A0DFBA32C disconnected.
1733408704: New connection from 172.19.0.4:57538 on port 1883.
1733408704: New client connected from 172.19.0.4:57538 as auto-F1047ECE-04B4-65FF-081E-B49C52B9DD02 (p2, c1, k60).
1733408704: No will message specified.
1733408704: Sending CONNACK to auto-F1047ECE-04B4-65FF-081E-B49C52B9DD02 (0, 0)
1733408704: Received PUBLISH from auto-F1047ECE-04B4-65FF-081E-B49C52B9DD02 (d0, q0, r0, m0, 'plantfarming123', ... (9 bytes))
1733408704: Sending PUBLISH to Telegraf-Consumer-SK9T6 (d0, q0, r0, m0, 'plantfarming123', ... (9 bytes))
1733408704: Received DISCONNECT from auto-F1047ECE-04B4-65FF-081E-B49C52B9DD02
1733408704: Client auto-F1047ECE-04B4-65FF-081E-B49C52B9DD02 disconnected.
1733408704: New connection from 172.19.0.4:57548 on port 1883.
1733408704: New client connected from 172.19.0.4:57548 as auto-2A41BD6F-3EC1-ED58-B4E6-638E02B68A95 (p2, c1, k60).
1733408704: No will message specified.
1733408704: Sending CONNACK to auto-2A41BD6F-3EC1-ED58-B4E6-638E02B68A95 (0, 0)
1733408704: Received PUBLISH from auto-2A41BD6F-3EC1-ED58-B4E6-638E02B68A95 (d0, q0, r0, m0, 'plantfarming123', ... (9 bytes))
1733408704: Sending PUBLISH to Telegraf-Consumer-SK9T6 (d0, q0, r0, m0, 'plantfarming123', ... (9 bytes))
1733408704: Received DISCONNECT from auto-2A41BD6F-3EC1-ED58-B4E6-638E02B68A95
1733408704: Client auto-2A41BD6F-3EC1-ED58-B4E6-638E02B68A95 disconnected.
1733408705: New connection from 172.19.0.4:57558 on port 1883.
1733408705: New client connected from 172.19.0.4:57558 as auto-900C4D19-9237-F98F-B7AF-9881D9B7C411 (p2, c1, k60).
1733408705: No will message specified.
1733408705: Sending CONNACK to auto-900C4D19-9237-F98F-B7AF-9881D9B7C411 (0, 0)
1733408705: Received PUBLISH from auto-900C4D19-9237-F98F-B7AF-9881D9B7C411 (d0, q0, r0, m0, 'plantfarming123', ... (9 bytes))
1733408705: Sending PUBLISH to Telegraf-Consumer-SK9T6 (d0, q0, r0, m0, 'plantfarming123', ... (9 bytes))
1733408705: Received DISCONNECT from auto-900C4D19-9237-F98F-B7AF-9881D9B7C411
1733408705: Client auto-900C4D19-9237-F98F-B7AF-9881D9B7C411 disconnected.
1733408705: New connection from 172.19.0.4:57564 on port 1883.
1733408705: New client connected from 172.19.0.4:57564 as auto-E952603E-BDC0-F1E9-5273-7A9B6C47ACC8 (p2, c1, k60).
1733408705: No will message specified.
1733408705: Sending CONNACK to auto-E952603E-BDC0-F1E9-5273-7A9B6C47ACC8 (0, 0)
1733408705: Received PUBLISH from auto-E952603E-BDC0-F1E9-5273-7A9B6C47ACC8 (d0, q0, r0, m0, 'plantfarming123', ... (9 bytes))
1733408705: Sending PUBLISH to Telegraf-Consumer-SK9T6 (d0, q0, r0, m0, 'plantfarming123', ... (9 bytes))
1733408705: Received DISCONNECT from auto-E952603E-BDC0-F1E9-5273-7A9B6C47ACC8
1733408705: Client auto-E952603E-BDC0-F1E9-5273-7A9B6C47ACC8 disconnected.
1733408705: New connection from 172.19.0.4:57568 on port 1883.
1733408705: New client connected from 172.19.0.4:57568 as auto-87552936-1B69-5CBD-C881-2E7AB7669675 (p2, c1, k60).
1733408705: No will message specified.
1733408705: Sending CONNACK to auto-87552936-1B69-5CBD-C881-2E7AB7669675 (0, 0)
1733408705: Received PUBLISH from auto-87552936-1B69-5CBD-C881-2E7AB7669675 (d0, q0, r0, m0, 'plantfarming123', ... (9 bytes))
1733408705: Sending PUBLISH to Telegraf-Consumer-SK9T6 (d0, q0, r0, m0, 'plantfarming123', ... (9 bytes))
1733408705: Received DISCONNECT from auto-87552936-1B69-5CBD-C881-2E7AB7669675
1733408705: Client auto-87552936-1B69-5CBD-C881-2E7AB7669675 disconnected.
1733408706: New connection from 172.19.0.4:57576 on port 1883.
1733408706: New client connected from 172.19.0.4:57576 as auto-B9C6BF64-2082-5F0E-5574-AE0E358257DA (p2, c1, k60).
1733408706: No will message specified.
1733408706: Sending CONNACK to auto-B9C6BF64-2082-5F0E-5574-AE0E358257DA (0, 0)
1733408706: Received PUBLISH from auto-B9C6BF64-2082-5F0E-5574-AE0E358257DA (d0, q0, r0, m0, 'plantfarming123', ... (9 bytes))
1733408706: Sending PUBLISH to Telegraf-Consumer-SK9T6 (d0, q0, r0, m0, 'plantfarming123', ... (9 bytes))
1733408706: Received DISCONNECT from auto-B9C6BF64-2082-5F0E-5574-AE0E358257DA
1733408706: Client auto-B9C6BF64-2082-5F0E-5574-AE0E358257DA disconnected.
1733408706: New connection from 172.19.0.4:57588 on port 1883.
1733408706: New client connected from 172.19.0.4:57588 as auto-88727C86-B263-B0C4-47ED-3F443C1CFAEE (p2, c1, k60).
1733408706: No will message specified.
1733408706: Sending CONNACK to auto-88727C86-B263-B0C4-47ED-3F443C1CFAEE (0, 0)
1733408706: Received PUBLISH from auto-88727C86-B263-B0C4-47ED-3F443C1CFAEE (d0, q0, r0, m0, 'plantfarming123', ... (9 bytes))
1733408706: Sending PUBLISH to Telegraf-Consumer-SK9T6 (d0, q0, r0, m0, 'plantfarming123', ... (9 bytes))
1733408706: Received DISCONNECT from auto-88727C86-B263-B0C4-47ED-3F443C1CFAEE
1733408706: Client auto-88727C86-B263-B0C4-47ED-3F443C1CFAEE disconnected.
1733408707: New connection from 172.19.0.4:57596 on port 1883.
1733408707: New client connected from 172.19.0.4:57596 as auto-DDB661C6-A57B-3B5C-A022-1441F3DF70DE (p2, c1, k60).
1733408707: No will message specified.
1733408707: Sending CONNACK to auto-DDB661C6-A57B-3B5C-A022-1441F3DF70DE (0, 0)
1733408707: Received PUBLISH from auto-DDB661C6-A57B-3B5C-A022-1441F3DF70DE (d0, q0, r0, m0, 'plantfarming123', ... (9 bytes))
1733408707: Sending PUBLISH to Telegraf-Consumer-SK9T6 (d0, q0, r0, m0, 'plantfarming123', ... (9 bytes))
1733408707: Received DISCONNECT from auto-DDB661C6-A57B-3B5C-A022-1441F3DF70DE
1733408707: Client auto-DDB661C6-A57B-3B5C-A022-1441F3DF70DE disconnected.
1733408707: New connection from 172.19.0.4:57602 on port 1883.
1733408707: New client connected from 172.19.0.4:57602 as auto-C4062F58-0F7A-E739-BDEB-255D8C3004CB (p2, c1, k60).
1733408707: No will message specified.
1733408707: Sending CONNACK to auto-C4062F58-0F7A-E739-BDEB-255D8C3004CB (0, 0)
1733408707: Received PUBLISH from auto-C4062F58-0F7A-E739-BDEB-255D8C3004CB (d0, q0, r0, m0, 'plantfarming123', ... (9 bytes))
1733408707: Sending PUBLISH to Telegraf-Consumer-SK9T6 (d0, q0, r0, m0, 'plantfarming123', ... (9 bytes))
1733408707: Received DISCONNECT from auto-C4062F58-0F7A-E739-BDEB-255D8C3004CB
1733408707: Client auto-C4062F58-0F7A-E739-BDEB-255D8C3004CB disconnected.
1733408708: New connection from 172.19.0.4:57618 on port 1883.
1733408708: New client connected from 172.19.0.4:57618 as auto-C9B32AF0-D886-7311-2784-154D709DF581 (p2, c1, k60).
1733408708: No will message specified.
1733408708: Sending CONNACK to auto-C9B32AF0-D886-7311-2784-154D709DF581 (0, 0)
1733408708: Received PUBLISH from auto-C9B32AF0-D886-7311-2784-154D709DF581 (d0, q0, r0, m0, 'plantfarming123', ... (9 bytes))
1733408708: Sending PUBLISH to Telegraf-Consumer-SK9T6 (d0, q0, r0, m0, 'plantfarming123', ... (9 bytes))
1733408708: Received DISCONNECT from auto-C9B32AF0-D886-7311-2784-154D709DF581
1733408708: Client auto-C9B32AF0-D886-7311-2784-154D709DF581 disconnected.
1733408708: New connection from 172.19.0.4:57634 on port 1883.
1733408708: New client connected from 172.19.0.4:57634 as auto-33AE334B-3E82-BE0B-63AB-AF42B25AA4D7 (p2, c1, k60).
1733408708: No will message specified.
1733408708: Sending CONNACK to auto-33AE334B-3E82-BE0B-63AB-AF42B25AA4D7 (0, 0)
1733408708: Received PUBLISH from auto-33AE334B-3E82-BE0B-63AB-AF42B25AA4D7 (d0, q0, r0, m0, 'plantfarming123', ... (9 bytes))
1733408708: Sending PUBLISH to Telegraf-Consumer-SK9T6 (d0, q0, r0, m0, 'plantfarming123', ... (9 bytes))
1733408708: Received DISCONNECT from auto-33AE334B-3E82-BE0B-63AB-AF42B25AA4D7
1733408708: Client auto-33AE334B-3E82-BE0B-63AB-AF42B25AA4D7 disconnected.
1733408732: Received PINGREQ from Telegraf-Consumer-SK9T6
1733408732: Sending PINGRESP to Telegraf-Consumer-SK9T6
1733408797: Received PINGREQ from Telegraf-Consumer-SK9T6
1733408797: Sending PINGRESP to Telegraf-Consumer-SK9T6
1733408862: Received PINGREQ from Telegraf-Consumer-SK9T6
1733408862: Sending PINGRESP to Telegraf-Consumer-SK9T6
1733408919: New connection from 172.19.0.4:47824 on port 1883.
1733408919: New client connected from 172.19.0.4:47824 as auto-75976C90-ACB1-D085-4093-CE79A0C2B0F8 (p2, c1, k60).
1733408919: No will message specified.
1733408919: Sending CONNACK to auto-75976C90-ACB1-D085-4093-CE79A0C2B0F8 (0, 0)
1733408919: Received PUBLISH from auto-75976C90-ACB1-D085-4093-CE79A0C2B0F8 (d0, q0, r0, m0, 'plantfarming123', ... (26 bytes))
1733408919: Sending PUBLISH to Telegraf-Consumer-SK9T6 (d0, q0, r0, m0, 'plantfarming123', ... (26 bytes))
1733408919: Received DISCONNECT from auto-75976C90-ACB1-D085-4093-CE79A0C2B0F8
1733408919: Client auto-75976C90-ACB1-D085-4093-CE79A0C2B0F8 disconnected.
1733408922: Received PINGREQ from Telegraf-Consumer-SK9T6
1733408922: Sending PINGRESP to Telegraf-Consumer-SK9T6
1733408987: Received PINGREQ from Telegraf-Consumer-SK9T6
1733408987: Sending PINGRESP to Telegraf-Consumer-SK9T6
1733409052: Received PINGREQ from Telegraf-Consumer-SK9T6
1733409052: Sending PINGRESP to Telegraf-Consumer-SK9T6
1733409112: Received PINGREQ from Telegraf-Consumer-SK9T6
1733409112: Sending PINGRESP to Telegraf-Consumer-SK9T6
1733409172: Received PINGREQ from Telegraf-Consumer-SK9T6
1733409172: Sending PINGRESP to Telegraf-Consumer-SK9T6
1733409237: Received PINGREQ from Telegraf-Consumer-SK9T6
1733409237: Sending PINGRESP to Telegraf-Consumer-SK9T6
1733409302: Received PINGREQ from Telegraf-Consumer-SK9T6
1733409302: Sending PINGRESP to Telegraf-Consumer-SK9T6
1733409367: Received PINGREQ from Telegraf-Consumer-SK9T6
1733409367: Sending PINGRESP to Telegraf-Consumer-SK9T6
1733409432: Received PINGREQ from Telegraf-Consumer-SK9T6
1733409432: Sending PINGRESP to Telegraf-Consumer-SK9T6
1733409492: Received PINGREQ from Telegraf-Consumer-SK9T6
1733409492: Sending PINGRESP to Telegraf-Consumer-SK9T6
1733409557: Received PINGREQ from Telegraf-Consumer-SK9T6
1733409557: Sending PINGRESP to Telegraf-Consumer-SK9T6
1733409622: Received PINGREQ from Telegraf-Consumer-SK9T6
1733409622: Sending PINGRESP to Telegraf-Consumer-SK9T6
1733409687: Received PINGREQ from Telegraf-Consumer-SK9T6
1733409687: Sending PINGRESP to Telegraf-Consumer-SK9T6
1733409752: Received PINGREQ from Telegraf-Consumer-SK9T6
1733409752: Sending PINGRESP to Telegraf-Consumer-SK9T6
1733409817: Received PINGREQ from Telegraf-Consumer-SK9T6
1733409817: Sending PINGRESP to Telegraf-Consumer-SK9T6
1733409877: Received PINGREQ from Telegraf-Consumer-SK9T6
1733409877: Sending PINGRESP to Telegraf-Consumer-SK9T6
1733409942: Received PINGREQ from Telegraf-Consumer-SK9T6
1733409942: Sending PINGRESP to Telegraf-Consumer-SK9T6
1733410007: Received PINGREQ from Telegraf-Consumer-SK9T6
1733410007: Sending PINGRESP to Telegraf-Consumer-SK9T6
1733410072: Received PINGREQ from Telegraf-Consumer-SK9T6
1733410072: Sending PINGRESP to Telegraf-Consumer-SK9T6
1733410132: Received PINGREQ from Telegraf-Consumer-SK9T6
1733410132: Sending PINGRESP to Telegraf-Consumer-SK9T6
1733410197: Received PINGREQ from Telegraf-Consumer-SK9T6
1733410197: Sending PINGRESP to Telegraf-Consumer-SK9T6
1733410256: Saving in-memory database to /mosquitto/data//mosquitto.db.
1733410262: Received PINGREQ from Telegraf-Consumer-SK9T6
1733410262: Sending PINGRESP to Telegraf-Consumer-SK9T6
1733410322: Received PINGREQ from Telegraf-Consumer-SK9T6
1733410322: Sending PINGRESP to Telegraf-Consumer-SK9T6
1733410387: Received PINGREQ from Telegraf-Consumer-SK9T6
1733410387: Sending PINGRESP to Telegraf-Consumer-SK9T6
1733410429: New connection from 172.19.0.4:37776 on port 1883.
1733410429: New client connected from 172.19.0.4:37776 as auto-7F64DB36-252B-8882-6C6E-F85E84ED9A69 (p2, c1, k60).
1733410429: No will message specified.
1733410429: Sending CONNACK to auto-7F64DB36-252B-8882-6C6E-F85E84ED9A69 (0, 0)
1733410429: Received PUBLISH from auto-7F64DB36-252B-8882-6C6E-F85E84ED9A69 (d0, q0, r0, m0, 'plantfarming123', ... (28 bytes))
1733410429: Sending PUBLISH to Telegraf-Consumer-SK9T6 (d0, q0, r0, m0, 'plantfarming123', ... (28 bytes))
1733410429: Received DISCONNECT from auto-7F64DB36-252B-8882-6C6E-F85E84ED9A69
1733410429: Client auto-7F64DB36-252B-8882-6C6E-F85E84ED9A69 disconnected.
1733410433: New connection from 172.19.0.4:59266 on port 1883.
1733410433: New client connected from 172.19.0.4:59266 as auto-A0FB8E8D-11AF-0BCE-BA30-B4902FB469D9 (p2, c1, k60).
1733410433: No will message specified.
1733410433: Sending CONNACK to auto-A0FB8E8D-11AF-0BCE-BA30-B4902FB469D9 (0, 0)
1733410433: Received PUBLISH from auto-A0FB8E8D-11AF-0BCE-BA30-B4902FB469D9 (d0, q0, r0, m0, 'plantfarming123', ... (26 bytes))
1733410433: Sending PUBLISH to Telegraf-Consumer-SK9T6 (d0, q0, r0, m0, 'plantfarming123', ... (26 bytes))
1733410433: Received DISCONNECT from auto-A0FB8E8D-11AF-0BCE-BA30-B4902FB469D9
1733410433: Client auto-A0FB8E8D-11AF-0BCE-BA30-B4902FB469D9 disconnected.
1733410452: Received PINGREQ from Telegraf-Consumer-SK9T6
1733410452: Sending PINGRESP to Telegraf-Consumer-SK9T6
1733410476: New connection from 172.19.0.4:33162 on port 1883.
1733410476: New client connected from 172.19.0.4:33162 as auto-B650E018-7EB5-9740-3753-6DA4275D941B (p2, c1, k60).
1733410476: No will message specified.
1733410476: Sending CONNACK to auto-B650E018-7EB5-9740-3753-6DA4275D941B (0, 0)
1733410476: Received PUBLISH from auto-B650E018-7EB5-9740-3753-6DA4275D941B (d0, q0, r0, m0, 'plantfarming123', ... (9 bytes))
1733410476: Sending PUBLISH to Telegraf-Consumer-SK9T6 (d0, q0, r0, m0, 'plantfarming123', ... (9 bytes))
1733410476: Received DISCONNECT from auto-B650E018-7EB5-9740-3753-6DA4275D941B
1733410476: Client auto-B650E018-7EB5-9740-3753-6DA4275D941B disconnected.
1733410491: New connection from 172.19.0.4:33818 on port 1883.
1733410491: New client connected from 172.19.0.4:33818 as auto-F6AA352C-C633-C1AF-F46D-7E27B282A4D7 (p2, c1, k60).
1733410491: No will message specified.
1733410491: Sending CONNACK to auto-F6AA352C-C633-C1AF-F46D-7E27B282A4D7 (0, 0)
1733410491: Received PUBLISH from auto-F6AA352C-C633-C1AF-F46D-7E27B282A4D7 (d0, q0, r0, m0, 'plantfarming123', ... (27 bytes))
1733410491: Sending PUBLISH to Telegraf-Consumer-SK9T6 (d0, q0, r0, m0, 'plantfarming123', ... (27 bytes))
1733410491: Received DISCONNECT from auto-F6AA352C-C633-C1AF-F46D-7E27B282A4D7
1733410491: Client auto-F6AA352C-C633-C1AF-F46D-7E27B282A4D7 disconnected.
1733410517: Received PINGREQ from Telegraf-Consumer-SK9T6
1733410517: Sending PINGRESP to Telegraf-Consumer-SK9T6
1733410558: Client Telegraf-Consumer-SK9T6 closed its connection.
1733410600: New connection from 172.19.0.4:40612 on port 1883.
1733410600: New client connected from 172.19.0.4:40612 as Telegraf-Consumer-PIzxg (p2, c1, k60).
1733410600: No will message specified.
1733410600: Sending CONNACK to Telegraf-Consumer-PIzxg (0, 0)
1733410600: Received SUBSCRIBE from Telegraf-Consumer-PIzxg
1733410600: 	plantfarming123 (QoS 0)
1733410600: Telegraf-Consumer-PIzxg 0 plantfarming123
1733410600: Sending SUBACK to Telegraf-Consumer-PIzxg
1733410656: New connection from 172.19.0.4:47284 on port 1883.
1733410656: New client connected from 172.19.0.4:47284 as auto-63893EB0-2717-284D-CDB5-692E41A9DB51 (p2, c1, k60).
1733410656: No will message specified.
1733410656: Sending CONNACK to auto-63893EB0-2717-284D-CDB5-692E41A9DB51 (0, 0)
1733410656: Received PUBLISH from auto-63893EB0-2717-284D-CDB5-692E41A9DB51 (d0, q0, r0, m0, 'plantfarming123', ... (26 bytes))
1733410656: Sending PUBLISH to Telegraf-Consumer-PIzxg (d0, q0, r0, m0, 'plantfarming123', ... (26 bytes))
1733410656: Received DISCONNECT from auto-63893EB0-2717-284D-CDB5-692E41A9DB51
1733410656: Client auto-63893EB0-2717-284D-CDB5-692E41A9DB51 disconnected.
1733410660: Received PINGREQ from Telegraf-Consumer-PIzxg
1733410660: Sending PINGRESP to Telegraf-Consumer-PIzxg
1733410693: New connection from 172.19.0.4:50536 on port 1883.
1733410693: New client connected from 172.19.0.4:50536 as auto-0BC12B40-0D07-9759-2440-47194AF03D14 (p2, c1, k60).
1733410693: No will message specified.
1733410693: Sending CONNACK to auto-0BC12B40-0D07-9759-2440-47194AF03D14 (0, 0)
1733410693: Received PUBLISH from auto-0BC12B40-0D07-9759-2440-47194AF03D14 (d0, q0, r0, m0, 'plantfarming123', ... (26 bytes))
1733410693: Sending PUBLISH to Telegraf-Consumer-PIzxg (d0, q0, r0, m0, 'plantfarming123', ... (26 bytes))
1733410693: Received DISCONNECT from auto-0BC12B40-0D07-9759-2440-47194AF03D14
1733410693: Client auto-0BC12B40-0D07-9759-2440-47194AF03D14 disconnected.
1733410719: New connection from 172.19.0.4:50586 on port 1883.
1733410719: New client connected from 172.19.0.4:50586 as auto-819525F9-7605-1D06-5D61-2E059AC57D8E (p2, c1, k60).
1733410719: No will message specified.
1733410719: Sending CONNACK to auto-819525F9-7605-1D06-5D61-2E059AC57D8E (0, 0)
1733410719: Received PUBLISH from auto-819525F9-7605-1D06-5D61-2E059AC57D8E (d0, q0, r0, m0, 'plantfarming123', ... (27 bytes))
1733410719: Sending PUBLISH to Telegraf-Consumer-PIzxg (d0, q0, r0, m0, 'plantfarming123', ... (27 bytes))
1733410719: Received DISCONNECT from auto-819525F9-7605-1D06-5D61-2E059AC57D8E
1733410719: Client auto-819525F9-7605-1D06-5D61-2E059AC57D8E disconnected.
1733410725: Received PINGREQ from Telegraf-Consumer-PIzxg
1733410725: Sending PINGRESP to Telegraf-Consumer-PIzxg
1733410790: Received PINGREQ from Telegraf-Consumer-PIzxg
1733410790: Sending PINGRESP to Telegraf-Consumer-PIzxg
1733410855: Received PINGREQ from Telegraf-Consumer-PIzxg
1733410855: Sending PINGRESP to Telegraf-Consumer-PIzxg
1733410858: New connection from 172.19.0.4:52896 on port 1883.
1733410858: New client connected from 172.19.0.4:52896 as auto-200B8369-BA6A-A9A6-E670-BDE7470C9C10 (p2, c1, k60).
1733410858: No will message specified.
1733410858: Sending CONNACK to auto-200B8369-BA6A-A9A6-E670-BDE7470C9C10 (0, 0)
1733410858: Received PUBLISH from auto-200B8369-BA6A-A9A6-E670-BDE7470C9C10 (d0, q0, r0, m0, 'plantfarming123', ... (71 bytes))
1733410858: Sending PUBLISH to Telegraf-Consumer-PIzxg (d0, q0, r0, m0, 'plantfarming123', ... (71 bytes))
1733410858: Received DISCONNECT from auto-200B8369-BA6A-A9A6-E670-BDE7470C9C10
1733410858: Client auto-200B8369-BA6A-A9A6-E670-BDE7470C9C10 disconnected.
1733410912: New connection from 172.19.0.4:57260 on port 1883.
1733410912: New client connected from 172.19.0.4:57260 as auto-62132182-B7F7-E842-7594-972677186618 (p2, c1, k60).
1733410912: No will message specified.
1733410912: Sending CONNACK to auto-62132182-B7F7-E842-7594-972677186618 (0, 0)
1733410912: Received PUBLISH from auto-62132182-B7F7-E842-7594-972677186618 (d0, q0, r0, m0, 'plantfarming123', ... (71 bytes))
1733410912: Sending PUBLISH to Telegraf-Consumer-PIzxg (d0, q0, r0, m0, 'plantfarming123', ... (71 bytes))
1733410912: Received DISCONNECT from auto-62132182-B7F7-E842-7594-972677186618
1733410912: Client auto-62132182-B7F7-E842-7594-972677186618 disconnected.
1733410913: New connection from 172.19.0.4:57268 on port 1883.
1733410913: New client connected from 172.19.0.4:57268 as auto-26E5B650-4E6E-2286-80E0-F9BA135BCDC5 (p2, c1, k60).
1733410913: No will message specified.
1733410913: Sending CONNACK to auto-26E5B650-4E6E-2286-80E0-F9BA135BCDC5 (0, 0)
1733410913: Received PUBLISH from auto-26E5B650-4E6E-2286-80E0-F9BA135BCDC5 (d0, q0, r0, m0, 'plantfarming123', ... (71 bytes))
1733410913: Sending PUBLISH to Telegraf-Consumer-PIzxg (d0, q0, r0, m0, 'plantfarming123', ... (71 bytes))
1733410913: Received DISCONNECT from auto-26E5B650-4E6E-2286-80E0-F9BA135BCDC5
1733410913: Client auto-26E5B650-4E6E-2286-80E0-F9BA135BCDC5 disconnected.
1733410913: New connection from 172.19.0.4:57280 on port 1883.
1733410913: New client connected from 172.19.0.4:57280 as auto-DDB81C39-A49E-7B99-1151-5F9D0649648A (p2, c1, k60).
1733410913: No will message specified.
1733410913: Sending CONNACK to auto-DDB81C39-A49E-7B99-1151-5F9D0649648A (0, 0)
1733410913: Received PUBLISH from auto-DDB81C39-A49E-7B99-1151-5F9D0649648A (d0, q0, r0, m0, 'plantfarming123', ... (71 bytes))
1733410913: Sending PUBLISH to Telegraf-Consumer-PIzxg (d0, q0, r0, m0, 'plantfarming123', ... (71 bytes))
1733410913: Received DISCONNECT from auto-DDB81C39-A49E-7B99-1151-5F9D0649648A
1733410913: Client auto-DDB81C39-A49E-7B99-1151-5F9D0649648A disconnected.
1733410920: Received PINGREQ from Telegraf-Consumer-PIzxg
1733410920: Sending PINGRESP to Telegraf-Consumer-PIzxg
1733410929: New connection from 172.19.0.4:60480 on port 1883.
1733410929: New client connected from 172.19.0.4:60480 as auto-1846243C-920D-F443-0B4F-0958BFD4B778 (p2, c1, k60).
1733410929: No will message specified.
1733410929: Sending CONNACK to auto-1846243C-920D-F443-0B4F-0958BFD4B778 (0, 0)
1733410929: Received PUBLISH from auto-1846243C-920D-F443-0B4F-0958BFD4B778 (d0, q0, r0, m0, 'plantfarming123', ... (71 bytes))
1733410929: Sending PUBLISH to Telegraf-Consumer-PIzxg (d0, q0, r0, m0, 'plantfarming123', ... (71 bytes))
1733410929: Received DISCONNECT from auto-1846243C-920D-F443-0B4F-0958BFD4B778
1733410929: Client auto-1846243C-920D-F443-0B4F-0958BFD4B778 disconnected.
1733410985: Received PINGREQ from Telegraf-Consumer-PIzxg
1733410985: Sending PINGRESP to Telegraf-Consumer-PIzxg
1733411045: Received PINGREQ from Telegraf-Consumer-PIzxg
1733411045: Sending PINGRESP to Telegraf-Consumer-PIzxg
1733411100: New connection from 172.19.0.4:38288 on port 1883.
1733411100: New client connected from 172.19.0.4:38288 as auto-05FD51A9-CE93-F7A7-FD5E-A19F64C9F0FF (p2, c1, k60).
1733411100: No will message specified.
1733411100: Sending CONNACK to auto-05FD51A9-CE93-F7A7-FD5E-A19F64C9F0FF (0, 0)
1733411100: Received PUBLISH from auto-05FD51A9-CE93-F7A7-FD5E-A19F64C9F0FF (d0, q0, r0, m0, 'plantfarming123', ... (28 bytes))
1733411100: Sending PUBLISH to Telegraf-Consumer-PIzxg (d0, q0, r0, m0, 'plantfarming123', ... (28 bytes))
1733411100: Received DISCONNECT from auto-05FD51A9-CE93-F7A7-FD5E-A19F64C9F0FF
1733411100: Client auto-05FD51A9-CE93-F7A7-FD5E-A19F64C9F0FF disconnected.
1733411110: Received PINGREQ from Telegraf-Consumer-PIzxg
1733411110: Sending PINGRESP to Telegraf-Consumer-PIzxg
1733411115: New connection from 172.19.0.4:37884 on port 1883.
1733411115: New client connected from 172.19.0.4:37884 as auto-C02CC5D5-3DF9-F949-3171-C6813F3E2A2B (p2, c1, k60).
1733411115: No will message specified.
1733411115: Sending CONNACK to auto-C02CC5D5-3DF9-F949-3171-C6813F3E2A2B (0, 0)
1733411115: Received PUBLISH from auto-C02CC5D5-3DF9-F949-3171-C6813F3E2A2B (d0, q0, r0, m0, 'plantfarming123', ... (29 bytes))
1733411115: Sending PUBLISH to Telegraf-Consumer-PIzxg (d0, q0, r0, m0, 'plantfarming123', ... (29 bytes))
1733411115: Received DISCONNECT from auto-C02CC5D5-3DF9-F949-3171-C6813F3E2A2B
1733411115: Client auto-C02CC5D5-3DF9-F949-3171-C6813F3E2A2B disconnected.
1733411175: Received PINGREQ from Telegraf-Consumer-PIzxg
1733411175: Sending PINGRESP to Telegraf-Consumer-PIzxg
1733411198: Received DISCONNECT from Telegraf-Consumer-PIzxg
1733411198: Client Telegraf-Consumer-PIzxg disconnected.
1733411198: mosquitto version 2.0.20 terminating
1733411198: Saving in-memory database to /mosquitto/data//mosquitto.db.
1733411237: mosquitto version 2.0.20 starting
1733411237: Config loaded from /mosquitto/config/mosquitto.conf.
1733411237: Opening ipv4 listen socket on port 1883.
1733411237: Opening ipv6 listen socket on port 1883.
1733411237: mosquitto version 2.0.20 running
1733411237: New connection from 172.18.0.4:35606 on port 1883.
1733411237: New client connected from 172.18.0.4:35606 as Telegraf-Consumer-eWS1q (p2, c1, k60).
1733411237: No will message specified.
1733411237: Sending CONNACK to Telegraf-Consumer-eWS1q (0, 0)
1733411237: Received SUBSCRIBE from Telegraf-Consumer-eWS1q
1733411237: 	plantfarming123 (QoS 0)
1733411237: Telegraf-Consumer-eWS1q 0 plantfarming123
1733411237: Sending SUBACK to Telegraf-Consumer-eWS1q
1733411277: Received DISCONNECT from Telegraf-Consumer-eWS1q
1733411277: Client Telegraf-Consumer-eWS1q disconnected.
1733411278: mosquitto version 2.0.20 terminating
1733411278: Saving in-memory database to /mosquitto/data//mosquitto.db.
1733411307: mosquitto version 2.0.20 starting
1733411307: Config loaded from /mosquitto/config/mosquitto.conf.
1733411307: Opening ipv4 listen socket on port 1883.
1733411307: Opening ipv6 listen socket on port 1883.
1733411307: mosquitto version 2.0.20 running
1733411308: New connection from 172.19.0.4:48066 on port 1883.
1733411308: New client connected from 172.19.0.4:48066 as Telegraf-Consumer-rMOx1 (p2, c1, k60).
1733411308: No will message specified.
1733411308: Sending CONNACK to Telegraf-Consumer-rMOx1 (0, 0)
1733411308: Received SUBSCRIBE from Telegraf-Consumer-rMOx1
1733411308: 	plantfarming123 (QoS 0)
1733411308: Telegraf-Consumer-rMOx1 0 plantfarming123
1733411308: Sending SUBACK to Telegraf-Consumer-rMOx1
1733411356: Received DISCONNECT from Telegraf-Consumer-rMOx1
1733411356: Client Telegraf-Consumer-rMOx1 disconnected.
1733411356: mosquitto version 2.0.20 terminating
1733411356: Saving in-memory database to /mosquitto/data//mosquitto.db.
1733411487: mosquitto version 2.0.20 starting
1733411487: Config loaded from /mosquitto/config/mosquitto.conf.
1733411487: Opening ipv4 listen socket on port 1883.
1733411487: Opening ipv6 listen socket on port 1883.
1733411487: mosquitto version 2.0.20 running
1733411487: New connection from 172.18.0.4:58184 on port 1883.
1733411487: New client connected from 172.18.0.4:58184 as Telegraf-Consumer-JApaS (p2, c1, k60).
1733411487: No will message specified.
1733411487: Sending CONNACK to Telegraf-Consumer-JApaS (0, 0)
1733411487: Received SUBSCRIBE from Telegraf-Consumer-JApaS
1733411487: 	plantfarming123 (QoS 0)
1733411487: Telegraf-Consumer-JApaS 0 plantfarming123
1733411487: Sending SUBACK to Telegraf-Consumer-JApaS
1733411547: Received PINGREQ from Telegraf-Consumer-JApaS
1733411547: Sending PINGRESP to Telegraf-Consumer-JApaS
1733411607: Received PINGREQ from Telegraf-Consumer-JApaS
1733411607: Sending PINGRESP to Telegraf-Consumer-JApaS
1733411609: New connection from 172.18.0.4:57952 on port 1883.
1733411609: New client connected from 172.18.0.4:57952 as auto-0DF9756C-D6CD-A3BA-B1B6-5CAF5A00C7FD (p2, c1, k60).
1733411609: No will message specified.
1733411609: Sending CONNACK to auto-0DF9756C-D6CD-A3BA-B1B6-5CAF5A00C7FD (0, 0)
1733411609: Received PUBLISH from auto-0DF9756C-D6CD-A3BA-B1B6-5CAF5A00C7FD (d0, q0, r0, m0, 'plantfarming123', ... (27 bytes))
1733411609: Sending PUBLISH to Telegraf-Consumer-JApaS (d0, q0, r0, m0, 'plantfarming123', ... (27 bytes))
1733411610: Received DISCONNECT from auto-0DF9756C-D6CD-A3BA-B1B6-5CAF5A00C7FD
1733411610: Client auto-0DF9756C-D6CD-A3BA-B1B6-5CAF5A00C7FD disconnected.
1733411613: New connection from 172.18.0.4:49160 on port 1883.
1733411613: New client connected from 172.18.0.4:49160 as auto-FFCC7575-D00F-39FB-6ED5-B1B310BF0708 (p2, c1, k60).
1733411613: No will message specified.
1733411613: Sending CONNACK to auto-FFCC7575-D00F-39FB-6ED5-B1B310BF0708 (0, 0)
1733411613: Received PUBLISH from auto-FFCC7575-D00F-39FB-6ED5-B1B310BF0708 (d0, q0, r0, m0, 'plantfarming123', ... (27 bytes))
1733411613: Sending PUBLISH to Telegraf-Consumer-JApaS (d0, q0, r0, m0, 'plantfarming123', ... (27 bytes))
1733411613: Received DISCONNECT from auto-FFCC7575-D00F-39FB-6ED5-B1B310BF0708
1733411613: Client auto-FFCC7575-D00F-39FB-6ED5-B1B310BF0708 disconnected.
1733411614: New connection from 172.18.0.4:49168 on port 1883.
1733411614: New client connected from 172.18.0.4:49168 as auto-D98BFAE0-5016-8E31-DFB4-6CC9A145483D (p2, c1, k60).
1733411614: No will message specified.
1733411614: Sending CONNACK to auto-D98BFAE0-5016-8E31-DFB4-6CC9A145483D (0, 0)
1733411614: Received PUBLISH from auto-D98BFAE0-5016-8E31-DFB4-6CC9A145483D (d0, q0, r0, m0, 'plantfarming123', ... (27 bytes))
1733411614: Sending PUBLISH to Telegraf-Consumer-JApaS (d0, q0, r0, m0, 'plantfarming123', ... (27 bytes))
1733411614: Received DISCONNECT from auto-D98BFAE0-5016-8E31-DFB4-6CC9A145483D
1733411614: Client auto-D98BFAE0-5016-8E31-DFB4-6CC9A145483D disconnected.
1733411614: New connection from 172.18.0.4:49180 on port 1883.
1733411614: New client connected from 172.18.0.4:49180 as auto-B967E0E1-0577-3A68-CF2B-22F9A9A8CBAE (p2, c1, k60).
1733411614: No will message specified.
1733411614: Sending CONNACK to auto-B967E0E1-0577-3A68-CF2B-22F9A9A8CBAE (0, 0)
1733411614: Received PUBLISH from auto-B967E0E1-0577-3A68-CF2B-22F9A9A8CBAE (d0, q0, r0, m0, 'plantfarming123', ... (27 bytes))
1733411614: Sending PUBLISH to Telegraf-Consumer-JApaS (d0, q0, r0, m0, 'plantfarming123', ... (27 bytes))
1733411614: Received DISCONNECT from auto-B967E0E1-0577-3A68-CF2B-22F9A9A8CBAE
1733411614: Client auto-B967E0E1-0577-3A68-CF2B-22F9A9A8CBAE disconnected.
1733411667: Received PINGREQ from Telegraf-Consumer-JApaS
1733411667: Sending PINGRESP to Telegraf-Consumer-JApaS
1733411732: Received PINGREQ from Telegraf-Consumer-JApaS
1733411732: Sending PINGRESP to Telegraf-Consumer-JApaS
1733411797: Received PINGREQ from Telegraf-Consumer-JApaS
1733411797: Sending PINGRESP to Telegraf-Consumer-JApaS
1733411857: Received PINGREQ from Telegraf-Consumer-JApaS
1733411857: Sending PINGRESP to Telegraf-Consumer-JApaS
1733411922: Received PINGREQ from Telegraf-Consumer-JApaS
1733411922: Sending PINGRESP to Telegraf-Consumer-JApaS
1733411987: Received PINGREQ from Telegraf-Consumer-JApaS
1733411987: Sending PINGRESP to Telegraf-Consumer-JApaS
1733412018: New connection from 172.18.0.4:34292 on port 1883.
1733412018: New client connected from 172.18.0.4:34292 as auto-19294231-C7D0-894D-5C87-04ADED769192 (p2, c1, k60).
1733412018: No will message specified.
1733412018: Sending CONNACK to auto-19294231-C7D0-894D-5C87-04ADED769192 (0, 0)
1733412018: Received PUBLISH from auto-19294231-C7D0-894D-5C87-04ADED769192 (d0, q0, r0, m0, 'plantfarming123', ... (27 bytes))
1733412018: Sending PUBLISH to Telegraf-Consumer-JApaS (d0, q0, r0, m0, 'plantfarming123', ... (27 bytes))
1733412018: Received DISCONNECT from auto-19294231-C7D0-894D-5C87-04ADED769192
1733412018: Client auto-19294231-C7D0-894D-5C87-04ADED769192 disconnected.
1733412052: Received PINGREQ from Telegraf-Consumer-JApaS
1733412052: Sending PINGRESP to Telegraf-Consumer-JApaS
1733412066: New connection from 172.18.0.4:49172 on port 1883.
1733412066: New client connected from 172.18.0.4:49172 as auto-4F7883A4-D865-DF93-E545-F181D862ADDF (p2, c1, k60).
1733412066: No will message specified.
1733412066: Sending CONNACK to auto-4F7883A4-D865-DF93-E545-F181D862ADDF (0, 0)
1733412066: Received PUBLISH from auto-4F7883A4-D865-DF93-E545-F181D862ADDF (d0, q0, r0, m0, 'plantfarming123', ... (27 bytes))
1733412066: Sending PUBLISH to Telegraf-Consumer-JApaS (d0, q0, r0, m0, 'plantfarming123', ... (27 bytes))
1733412066: Received DISCONNECT from auto-4F7883A4-D865-DF93-E545-F181D862ADDF
1733412066: Client auto-4F7883A4-D865-DF93-E545-F181D862ADDF disconnected.
1733412068: New connection from 172.18.0.4:49184 on port 1883.
1733412068: New client connected from 172.18.0.4:49184 as auto-7564F23F-DE8E-CD75-D36D-AA2DD0B255F1 (p2, c1, k60).
1733412068: No will message specified.
1733412068: Sending CONNACK to auto-7564F23F-DE8E-CD75-D36D-AA2DD0B255F1 (0, 0)
1733412068: Received PUBLISH from auto-7564F23F-DE8E-CD75-D36D-AA2DD0B255F1 (d0, q0, r0, m0, 'plantfarming123', ... (28 bytes))
1733412068: Sending PUBLISH to Telegraf-Consumer-JApaS (d0, q0, r0, m0, 'plantfarming123', ... (28 bytes))
1733412068: Received DISCONNECT from auto-7564F23F-DE8E-CD75-D36D-AA2DD0B255F1
1733412068: Client auto-7564F23F-DE8E-CD75-D36D-AA2DD0B255F1 disconnected.
1733412117: Received PINGREQ from Telegraf-Consumer-JApaS
1733412117: Sending PINGRESP to Telegraf-Consumer-JApaS
1733412130: New connection from 172.18.0.4:46344 on port 1883.
1733412130: New client connected from 172.18.0.4:46344 as auto-31BF1D0A-758F-644C-19FD-750C89C0C6B9 (p2, c1, k60).
1733412130: No will message specified.
1733412130: Sending CONNACK to auto-31BF1D0A-758F-644C-19FD-750C89C0C6B9 (0, 0)
1733412130: Received PUBLISH from auto-31BF1D0A-758F-644C-19FD-750C89C0C6B9 (d0, q0, r0, m0, 'plantfarming123', ... (28 bytes))
1733412130: Sending PUBLISH to Telegraf-Consumer-JApaS (d0, q0, r0, m0, 'plantfarming123', ... (28 bytes))
1733412130: Received DISCONNECT from auto-31BF1D0A-758F-644C-19FD-750C89C0C6B9
1733412130: Client auto-31BF1D0A-758F-644C-19FD-750C89C0C6B9 disconnected.
1733412177: Received PINGREQ from Telegraf-Consumer-JApaS
1733412177: Sending PINGRESP to Telegraf-Consumer-JApaS
1733412242: Received PINGREQ from Telegraf-Consumer-JApaS
1733412242: Sending PINGRESP to Telegraf-Consumer-JApaS
1733412297: New connection from 172.18.0.4:43404 on port 1883.
1733412297: New client connected from 172.18.0.4:43404 as auto-13916DCD-3D8F-C90E-231C-BFAF402615FB (p2, c1, k60).
1733412297: No will message specified.
1733412297: Sending CONNACK to auto-13916DCD-3D8F-C90E-231C-BFAF402615FB (0, 0)
1733412297: Received PUBLISH from auto-13916DCD-3D8F-C90E-231C-BFAF402615FB (d0, q0, r0, m0, 'plantfarming123', ... (51 bytes))
1733412297: Sending PUBLISH to Telegraf-Consumer-JApaS (d0, q0, r0, m0, 'plantfarming123', ... (51 bytes))
1733412297: Received DISCONNECT from auto-13916DCD-3D8F-C90E-231C-BFAF402615FB
1733412297: Client auto-13916DCD-3D8F-C90E-231C-BFAF402615FB disconnected.
1733412307: Received PINGREQ from Telegraf-Consumer-JApaS
1733412307: Sending PINGRESP to Telegraf-Consumer-JApaS
1733412349: New connection from 172.18.0.4:57694 on port 1883.
1733412349: New client connected from 172.18.0.4:57694 as auto-20389290-2DA0-DE99-F9E3-7FE2FBAF4357 (p2, c1, k60).
1733412349: No will message specified.
1733412349: Sending CONNACK to auto-20389290-2DA0-DE99-F9E3-7FE2FBAF4357 (0, 0)
1733412349: Received PUBLISH from auto-20389290-2DA0-DE99-F9E3-7FE2FBAF4357 (d0, q0, r0, m0, 'plantfarming123', ... (51 bytes))
1733412349: Sending PUBLISH to Telegraf-Consumer-JApaS (d0, q0, r0, m0, 'plantfarming123', ... (51 bytes))
1733412349: Received DISCONNECT from auto-20389290-2DA0-DE99-F9E3-7FE2FBAF4357
1733412349: Client auto-20389290-2DA0-DE99-F9E3-7FE2FBAF4357 disconnected.
1733412367: Received PINGREQ from Telegraf-Consumer-JApaS
1733412367: Sending PINGRESP to Telegraf-Consumer-JApaS
1733412371: New connection from 172.18.0.4:49140 on port 1883.
1733412371: New client connected from 172.18.0.4:49140 as auto-C47D811B-925D-5E71-CE51-F2E3AE9116AE (p2, c1, k60).
1733412371: No will message specified.
1733412371: Sending CONNACK to auto-C47D811B-925D-5E71-CE51-F2E3AE9116AE (0, 0)
1733412371: Received PUBLISH from auto-C47D811B-925D-5E71-CE51-F2E3AE9116AE (d0, q0, r0, m0, 'plantfarming123', ... (51 bytes))
1733412371: Sending PUBLISH to Telegraf-Consumer-JApaS (d0, q0, r0, m0, 'plantfarming123', ... (51 bytes))
1733412371: Received DISCONNECT from auto-C47D811B-925D-5E71-CE51-F2E3AE9116AE
1733412371: Client auto-C47D811B-925D-5E71-CE51-F2E3AE9116AE disconnected.
1733412376: New connection from 172.18.0.4:49150 on port 1883.
1733412376: New client connected from 172.18.0.4:49150 as auto-9391ABC7-C194-716C-8617-09C660A59646 (p2, c1, k60).
1733412376: No will message specified.
1733412376: Sending CONNACK to auto-9391ABC7-C194-716C-8617-09C660A59646 (0, 0)
1733412376: Received PUBLISH from auto-9391ABC7-C194-716C-8617-09C660A59646 (d0, q0, r0, m0, 'plantfarming123', ... (51 bytes))
1733412376: Sending PUBLISH to Telegraf-Consumer-JApaS (d0, q0, r0, m0, 'plantfarming123', ... (51 bytes))
1733412376: Received DISCONNECT from auto-9391ABC7-C194-716C-8617-09C660A59646
1733412376: Client auto-9391ABC7-C194-716C-8617-09C660A59646 disconnected.
1733412382: New connection from 172.18.0.4:45778 on port 1883.
1733412382: New client connected from 172.18.0.4:45778 as auto-6B20D24D-11A9-B212-A74F-5C85E141DE56 (p2, c1, k60).
1733412382: No will message specified.
1733412382: Sending CONNACK to auto-6B20D24D-11A9-B212-A74F-5C85E141DE56 (0, 0)
1733412382: Received PUBLISH from auto-6B20D24D-11A9-B212-A74F-5C85E141DE56 (d0, q0, r0, m0, 'plantfarming123', ... (51 bytes))
1733412382: Sending PUBLISH to Telegraf-Consumer-JApaS (d0, q0, r0, m0, 'plantfarming123', ... (51 bytes))
1733412382: Received DISCONNECT from auto-6B20D24D-11A9-B212-A74F-5C85E141DE56
1733412382: Client auto-6B20D24D-11A9-B212-A74F-5C85E141DE56 disconnected.
1733412389: New connection from 172.18.0.4:45784 on port 1883.
1733412389: New client connected from 172.18.0.4:45784 as auto-27A1CD31-84C0-D83D-A73D-64FC0F8877B6 (p2, c1, k60).
1733412389: No will message specified.
1733412389: Sending CONNACK to auto-27A1CD31-84C0-D83D-A73D-64FC0F8877B6 (0, 0)
1733412389: Received PUBLISH from auto-27A1CD31-84C0-D83D-A73D-64FC0F8877B6 (d0, q0, r0, m0, 'plantfarming123', ... (51 bytes))
1733412389: Sending PUBLISH to Telegraf-Consumer-JApaS (d0, q0, r0, m0, 'plantfarming123', ... (51 bytes))
1733412389: Received DISCONNECT from auto-27A1CD31-84C0-D83D-A73D-64FC0F8877B6
1733412389: Client auto-27A1CD31-84C0-D83D-A73D-64FC0F8877B6 disconnected.
1733412427: Received PINGREQ from Telegraf-Consumer-JApaS
1733412427: Sending PINGRESP to Telegraf-Consumer-JApaS
1733412492: Received PINGREQ from Telegraf-Consumer-JApaS
1733412492: Sending PINGRESP to Telegraf-Consumer-JApaS
1733412557: Received PINGREQ from Telegraf-Consumer-JApaS
1733412557: Sending PINGRESP to Telegraf-Consumer-JApaS
1733412622: Received PINGREQ from Telegraf-Consumer-JApaS
1733412622: Sending PINGRESP to Telegraf-Consumer-JApaS
1733412659: New connection from 172.18.0.4:57402 on port 1883.
1733412659: New client connected from 172.18.0.4:57402 as auto-4456DB51-17B3-B377-4B26-135A976FAFAA (p2, c1, k60).
1733412659: No will message specified.
1733412659: Sending CONNACK to auto-4456DB51-17B3-B377-4B26-135A976FAFAA (0, 0)
1733412659: Received PUBLISH from auto-4456DB51-17B3-B377-4B26-135A976FAFAA (d0, q0, r0, m0, 'plantfarming123', ... (47 bytes))
1733412659: Sending PUBLISH to Telegraf-Consumer-JApaS (d0, q0, r0, m0, 'plantfarming123', ... (47 bytes))
1733412659: Received DISCONNECT from auto-4456DB51-17B3-B377-4B26-135A976FAFAA
1733412659: Client auto-4456DB51-17B3-B377-4B26-135A976FAFAA disconnected.
1733412659: New connection from 172.18.0.4:57416 on port 1883.
1733412659: New client connected from 172.18.0.4:57416 as auto-F63DE927-CBFE-1538-C2DF-29BC8B3D3902 (p2, c1, k60).
1733412659: No will message specified.
1733412659: Sending CONNACK to auto-F63DE927-CBFE-1538-C2DF-29BC8B3D3902 (0, 0)
1733412659: Received PUBLISH from auto-F63DE927-CBFE-1538-C2DF-29BC8B3D3902 (d0, q0, r0, m0, 'plantfarming123', ... (47 bytes))
1733412659: Sending PUBLISH to Telegraf-Consumer-JApaS (d0, q0, r0, m0, 'plantfarming123', ... (47 bytes))
1733412659: Received DISCONNECT from auto-F63DE927-CBFE-1538-C2DF-29BC8B3D3902
1733412659: Client auto-F63DE927-CBFE-1538-C2DF-29BC8B3D3902 disconnected.
1733412659: New connection from 172.18.0.4:57428 on port 1883.
1733412659: New client connected from 172.18.0.4:57428 as auto-F73C21F3-600E-ABEC-5D85-95EF814D031F (p2, c1, k60).
1733412659: No will message specified.
1733412659: Sending CONNACK to auto-F73C21F3-600E-ABEC-5D85-95EF814D031F (0, 0)
1733412659: Received PUBLISH from auto-F73C21F3-600E-ABEC-5D85-95EF814D031F (d0, q0, r0, m0, 'plantfarming123', ... (47 bytes))
1733412659: Sending PUBLISH to Telegraf-Consumer-JApaS (d0, q0, r0, m0, 'plantfarming123', ... (47 bytes))
1733412659: Received DISCONNECT from auto-F73C21F3-600E-ABEC-5D85-95EF814D031F
1733412659: Client auto-F73C21F3-600E-ABEC-5D85-95EF814D031F disconnected.
1733412659: New connection from 172.18.0.4:57444 on port 1883.
1733412659: New client connected from 172.18.0.4:57444 as auto-A67C5A8B-33C7-F29B-7893-F1B574DE0A23 (p2, c1, k60).
1733412659: No will message specified.
1733412659: Sending CONNACK to auto-A67C5A8B-33C7-F29B-7893-F1B574DE0A23 (0, 0)
1733412659: Received PUBLISH from auto-A67C5A8B-33C7-F29B-7893-F1B574DE0A23 (d0, q0, r0, m0, 'plantfarming123', ... (47 bytes))
1733412659: Sending PUBLISH to Telegraf-Consumer-JApaS (d0, q0, r0, m0, 'plantfarming123', ... (47 bytes))
1733412659: Received DISCONNECT from auto-A67C5A8B-33C7-F29B-7893-F1B574DE0A23
1733412659: Client auto-A67C5A8B-33C7-F29B-7893-F1B574DE0A23 disconnected.
1733412687: Received PINGREQ from Telegraf-Consumer-JApaS
1733412687: Sending PINGRESP to Telegraf-Consumer-JApaS
1733412747: Received PINGREQ from Telegraf-Consumer-JApaS
1733412747: Sending PINGRESP to Telegraf-Consumer-JApaS
1733412812: Received PINGREQ from Telegraf-Consumer-JApaS
1733412812: Sending PINGRESP to Telegraf-Consumer-JApaS
1733412877: Received PINGREQ from Telegraf-Consumer-JApaS
1733412877: Sending PINGRESP to Telegraf-Consumer-JApaS
1733412942: Received PINGREQ from Telegraf-Consumer-JApaS
1733412942: Sending PINGRESP to Telegraf-Consumer-JApaS
1733413002: Received PINGREQ from Telegraf-Consumer-JApaS
1733413002: Sending PINGRESP to Telegraf-Consumer-JApaS
1733413067: Received PINGREQ from Telegraf-Consumer-JApaS
1733413067: Sending PINGRESP to Telegraf-Consumer-JApaS
